<?xml version="1.0" encoding="UTF-8"?>
<!-- Generated by org.testng.reporters.JUnitReportReporter -->
<testsuite hostname="DESKTOP-OR6VU5V" name="FramesConcepts.MultipleFrames" tests="1" failures="0" timestamp="2 Aug 2020 21:12:00 GMT" time="47.881" errors="0">
  <testcase name="Frames" time="47.881" classname="FramesConcepts.MultipleFrames"/>
</testsuite> <!-- FramesConcepts.MultipleFrames -->
